2026-03-04 12:14:01,259 [INFO] 🌍 Monitor Iniciado con ANTI-REBOTE (Delay 4s)
2026-03-04 12:17:10,453 [INFO] 🛬 ATERRIZAJE CONFIRMADO: AMX827 [Pista: 05R/23L]
2026-03-04 12:21:39,560 [INFO] 🛬 ATERRIZAJE CONFIRMADO: DAL588 [Pista: 05R/23L]
2026-03-04 12:23:46,917 [INFO] 🛬 ATERRIZAJE CONFIRMADO: XCLNT [Pista: 05L/23R]
2026-03-04 12:25:24,144 [INFO] 🛫 DESPEGUE CONFIRMADO: SLI854 [Pista: 05L/23R]
2026-03-04 12:25:29,856 [INFO] 🛫 DESPEGUE CONFIRMADO: AMX649 [Pista: 05R/23L]
2026-03-04 12:27:51,447 [INFO] 🛬 ATERRIZAJE CONFIRMADO: 0D0D72 [Pista: ?]
2026-03-04 12:34:02,499 [INFO] 🛫 DESPEGUE CONFIRMADO: AMX1565 [Pista: 05R/23L]
2026-03-04 12:39:13,221 [INFO] 🛫 DESPEGUE CONFIRMADO: SLI1632 [Pista: 05L/23R]
2026-03-04 12:44:26,524 [INFO] 🛬 ATERRIZAJE CONFIRMADO: SLI419 [Pista: 05L/23R]
2026-03-04 12:47:20,779 [INFO] 🛫 DESPEGUE CONFIRMADO: AMX807 [Pista: 05R/23L]
2026-03-04 12:48:38,016 [INFO] 🛬 ATERRIZAJE CONFIRMADO: AMX807 [Pista: ?]
2026-03-04 12:48:54,202 [INFO] 🛬 ATERRIZAJE CONFIRMADO: DAL646 [Pista: 05R/23L]
2026-03-04 12:55:18,688 [INFO] 🛬 ATERRIZAJE CONFIRMADO: 0D0814 [Pista: ?]
2026-03-04 12:56:06,569 [INFO] 🛫 DESPEGUE CONFIRMADO: SLI164 [Pista: 05L/23R]
2026-03-04 12:57:58,781 [INFO] 🛬 ATERRIZAJE CONFIRMADO: ANX2241 [Pista: ?]
2026-03-04 12:58:21,431 [INFO] 🛫 DESPEGUE CONFIRMADO: VIV1050 [Pista: 05L/23R]
2026-03-04 13:04:44,957 [INFO] 🛬 ATERRIZAJE CONFIRMADO: UAL359 [Pista: ?]
2026-03-04 13:09:07,164 [INFO] 🛬 ATERRIZAJE CONFIRMADO: SLI163 [Pista: 05R/23L]
2026-03-04 13:10:54,136 [ERROR] ❌ Error crítico del sistema: ('HY000', 'The driver did not supply an error!')
2026-03-04 13:11:04,350 [INFO] 🌍 Monitor Iniciado con ANTI-REBOTE (Delay 4s)
2026-03-04 13:12:02,330 [INFO] 🛬 ATERRIZAJE CONFIRMADO: 0D1079 [Pista: ?]
2026-03-04 13:12:25,133 [ERROR] ❌ Error crítico del sistema: ('HY000', '[HY000] [FreeTDS][SQL Server]Unknown error (0) (SQLExecDirectW)')
2026-03-04 13:12:35,358 [INFO] 🌍 Monitor Iniciado con ANTI-REBOTE (Delay 4s)
2026-03-04 13:22:28,597 [INFO] 🛬 ATERRIZAJE CONFIRMADO: C6D0B0 [Pista: ?]
2026-03-04 13:27:17,750 [INFO] 🛬 ATERRIZAJE CONFIRMADO: C6D0B0 [Pista: ?]
2026-03-04 13:56:45,563 [INFO] 🛬 ATERRIZAJE CONFIRMADO: 0D0B0F [Pista: ?]
2026-03-04 14:00:35,893 [INFO] 🌍 Monitor Iniciado con ANTI-REBOTE (Delay 4s)
2026-03-04 14:01:49,686 [INFO] 🛫 DESPEGUE CONFIRMADO: VIV1335 [Pista: ?]
2026-03-04 14:02:43,061 [INFO] 🛬 ATERRIZAJE CONFIRMADO: VIV1335 [Pista: 05L/23R]
2026-03-04 14:09:00,602 [INFO] 🛬 ATERRIZAJE CONFIRMADO: AMX633 [Pista: ?]
2026-03-04 14:13:10,266 [INFO] 🛬 ATERRIZAJE CONFIRMADO: AMX641 [Pista: ?]
2026-03-04 14:14:26,151 [INFO] 🛬 ATERRIZAJE CONFIRMADO: AMX229 [Pista: 05R/23L]
2026-03-04 14:14:51,060 [INFO] 🛬 ATERRIZAJE CONFIRMADO: AMX695 [Pista: ?]
2026-03-04 14:21:10,041 [INFO] 🛬 ATERRIZAJE CONFIRMADO: FAM3930 [Pista: ?]
2026-03-04 14:24:03,161 [INFO] 🛫 DESPEGUE CONFIRMADO: FAM3930 [Pista: ?]
2026-03-04 14:25:07,272 [INFO] 🛬 ATERRIZAJE CONFIRMADO: FAM3930 [Pista: ?]
2026-03-04 14:25:16,884 [INFO] 🛫 DESPEGUE CONFIRMADO: FAM3930 [Pista: ?]
2026-03-04 14:26:22,455 [INFO] 🛬 ATERRIZAJE CONFIRMADO: A60BCB [Pista: ?]
2026-03-04 14:26:59,582 [INFO] 🛬 ATERRIZAJE CONFIRMADO: FAM3930 [Pista: ?]
2026-03-04 14:27:47,031 [INFO] 🛫 DESPEGUE CONFIRMADO: FAM3930 [Pista: ?]
2026-03-04 14:28:36,967 [INFO] 🛬 ATERRIZAJE CONFIRMADO: FAM3930 [Pista: ?]
2026-03-04 14:30:05,797 [INFO] 🛬 ATERRIZAJE CONFIRMADO: 0D0DA4 [Pista: ?]
2026-03-04 14:30:21,660 [INFO] 🛫 DESPEGUE CONFIRMADO: FAM3930 [Pista: ?]
2026-03-04 14:30:28,323 [INFO] 🛬 ATERRIZAJE CONFIRMADO: FAM3930 [Pista: ?]
2026-03-04 14:30:43,944 [INFO] 🛬 ATERRIZAJE CONFIRMADO: 0D0CEC [Pista: ?]
2026-03-04 14:35:49,339 [INFO] 🛫 DESPEGUE CONFIRMADO: FAM3930 [Pista: ?]
2026-03-04 14:38:24,951 [INFO] 🛬 ATERRIZAJE CONFIRMADO: FAM3930 [Pista: ?]
2026-03-04 14:39:18,717 [INFO] 🛫 DESPEGUE CONFIRMADO: FAM3930 [Pista: ?]
2026-03-04 14:43:41,323 [INFO] 🛬 ATERRIZAJE CONFIRMADO: 0D0648 [Pista: ?]
2026-03-04 14:48:49,203 [INFO] 🛬 ATERRIZAJE CONFIRMADO: AB437A [Pista: ?]
2026-03-05 09:12:51,230 [INFO] 🌍 Monitor Iniciado con ANTI-REBOTE (Delay 4s)
2026-03-05 09:13:24,779 [INFO] 🛬 ATERRIZAJE CONFIRMADO: XBSKL [Pista: ?]
2026-03-05 09:13:42,518 [INFO] 🛬 ATERRIZAJE CONFIRMADO: VOI470 [Pista: ?]
2026-03-05 09:14:17,036 [INFO] 🛫 DESPEGUE CONFIRMADO: VOI470 [Pista: ?]
2026-03-05 09:14:47,385 [INFO] 🛬 ATERRIZAJE CONFIRMADO: GMT780 [Pista: ?]
2026-03-05 09:16:39,165 [INFO] 🛬 ATERRIZAJE CONFIRMADO: AMX657 [Pista: ?]
2026-03-05 09:16:46,562 [INFO] 🛬 ATERRIZAJE CONFIRMADO: VOI470 [Pista: ?]
2026-03-05 09:17:24,720 [INFO] 🛫 DESPEGUE CONFIRMADO: VOI470 [Pista: ?]
2026-03-05 09:18:10,514 [INFO] 🛬 ATERRIZAJE CONFIRMADO: VOI470 [Pista: ?]
2026-03-05 09:18:26,279 [INFO] 🛫 DESPEGUE CONFIRMADO: VOI470 [Pista: ?]
2026-03-05 09:18:34,264 [INFO] 🛬 ATERRIZAJE CONFIRMADO: VOI470 [Pista: ?]
2026-03-05 09:20:36,670 [INFO] 🛫 DESPEGUE CONFIRMADO: VOI470 [Pista: ?]
2026-03-05 09:20:49,187 [INFO] 🛬 ATERRIZAJE CONFIRMADO: XBSKT [Pista: ?]
2026-03-05 09:20:53,903 [INFO] 🛬 ATERRIZAJE CONFIRMADO: AMX112 [Pista: ?]
2026-03-05 09:21:23,848 [INFO] 🛬 ATERRIZAJE CONFIRMADO: 0D0E01 [Pista: ?]
2026-03-05 09:22:24,079 [INFO] 🛬 ATERRIZAJE CONFIRMADO: 0D0FBC [Pista: ?]
2026-03-05 09:22:28,033 [INFO] 🛬 ATERRIZAJE CONFIRMADO: AMX701 [Pista: ?]
2026-03-05 09:23:13,334 [INFO] 🛬 ATERRIZAJE CONFIRMADO: VIV1269 [Pista: ?]
2026-03-05 09:23:16,026 [INFO] 🛬 ATERRIZAJE CONFIRMADO: VIV1167 [Pista: ?]
2026-03-05 09:24:05,723 [INFO] 🛫 DESPEGUE CONFIRMADO: VIV1167 [Pista: ?]
2026-03-05 09:24:31,724 [INFO] 🛫 DESPEGUE CONFIRMADO: UAL784 [Pista: ?]
2026-03-05 09:24:35,049 [INFO] 🛫 DESPEGUE CONFIRMADO: VOI340 [Pista: ?]
2026-03-05 09:25:05,511 [INFO] 🛬 ATERRIZAJE CONFIRMADO: VIV1167 [Pista: ?]
2026-03-05 09:25:10,163 [INFO] 🛬 ATERRIZAJE CONFIRMADO: A2B112 [Pista: ?]
2026-03-05 09:25:20,115 [INFO] 🛬 ATERRIZAJE CONFIRMADO: AAL264 [Pista: ?]
2026-03-05 09:27:04,151 [INFO] 🛬 ATERRIZAJE CONFIRMADO: AMX211 [Pista: ?]
2026-03-05 09:27:29,004 [INFO] 🛫 DESPEGUE CONFIRMADO: AMX211 [Pista: ?]
2026-03-05 09:29:24,191 [INFO] 🛫 DESPEGUE CONFIRMADO: AMX690 [Pista: ?]
2026-03-05 09:29:52,777 [INFO] 🛬 ATERRIZAJE CONFIRMADO: AMX690 [Pista: ?]
2026-03-05 09:30:06,321 [INFO] 🛫 DESPEGUE CONFIRMADO: AMX690 [Pista: ?]
2026-03-05 09:30:15,982 [INFO] 🛬 ATERRIZAJE CONFIRMADO: 0D111D [Pista: ?]
2026-03-05 09:30:41,510 [INFO] 🛬 ATERRIZAJE CONFIRMADO: AMX211 [Pista: 05R/23L]
2026-03-05 09:34:55,525 [INFO] 🌍 Monitor Iniciado: JSON es el Jefe, Socket 30003 es el Asistente.
2026-03-05 09:34:55,526 [INFO] 🔌 Asistente conectado al puerto 30003 (CSV).
2026-03-05 09:35:38,164 [INFO] 🛬 ATERRIZAJE: VIV1393 [Pista: ?]
2026-03-05 09:35:43,173 [INFO] 🛬 ATERRIZAJE: XBGJV [Pista: ?]
2026-03-05 09:35:46,667 [INFO] 🛬 ATERRIZAJE: SLI2643 [Pista: ?]
2026-03-05 09:35:47,383 [INFO] 🛫 DESPEGUE: VIV1393 [Pista: ?]
2026-03-05 09:35:51,418 [INFO] 🛫 DESPEGUE: XBGJV [Pista: ?]
2026-03-05 09:35:57,725 [INFO] 🛬 ATERRIZAJE: XBGJV [Pista: ?]
2026-03-05 09:36:07,706 [INFO] 🛫 DESPEGUE: XBGJV [Pista: ?]
2026-03-05 09:36:30,579 [INFO] 🛫 DESPEGUE: SLI2643 [Pista: ?]
2026-03-05 09:36:39,453 [INFO] 🛫 DESPEGUE: AMX658 [Pista: ?]
2026-03-05 09:36:45,984 [INFO] 🛫 DESPEGUE: THY181 [Pista: 05L/23R]
2026-03-05 09:36:54,453 [INFO] 🛬 ATERRIZAJE: AMX658 [Pista: ?]
2026-03-05 09:37:01,377 [INFO] 🛬 ATERRIZAJE: SLI2643 [Pista: ?]
2026-03-05 09:37:09,999 [INFO] 🛫 DESPEGUE: AMX658 [Pista: ?]
2026-03-05 09:37:22,657 [INFO] 🛫 DESPEGUE: SLI2643 [Pista: ?]
2026-03-05 09:37:38,823 [INFO] 🛬 ATERRIZAJE: SLI2643 [Pista: ?]
2026-03-05 09:37:38,865 [INFO] 🛬 ATERRIZAJE: THY181 [Pista: ?]
2026-03-05 09:38:08,947 [INFO] 🛫 DESPEGUE: SLI2643 [Pista: 05R/23L]
2026-03-05 09:38:11,808 [INFO] 🛫 DESPEGUE: XCLKW [Pista: ?]
2026-03-05 09:38:13,990 [INFO] 🛫 DESPEGUE: THY181 [Pista: ?]
2026-03-05 09:38:17,494 [INFO] 🛬 ATERRIZAJE: SLI2643 [Pista: 05R/23L]
2026-03-05 09:38:18,534 [INFO] 🛫 DESPEGUE: AMX212 [Pista: ?]
2026-03-05 09:38:47,512 [INFO] 🛬 ATERRIZAJE: AMX212 [Pista: ?]
2026-03-05 09:38:59,875 [INFO] 🛬 ATERRIZAJE: VIV1393 [Pista: ?]
2026-03-05 09:39:06,717 [INFO] 🛫 DESPEGUE: AMX212 [Pista: ?]
2026-03-05 09:39:38,537 [INFO] 🛬 ATERRIZAJE: AMX484 [Pista: ?]
2026-03-05 09:39:59,997 [INFO] 🛫 DESPEGUE: VIV1393 [Pista: 05R/23L]
2026-03-05 09:40:17,070 [INFO] 🛬 ATERRIZAJE: VIV1393 [Pista: 05R/23L]
2026-03-05 09:40:40,958 [INFO] 🛬 ATERRIZAJE: VIV1121 [Pista: ?]
2026-03-05 09:40:53,665 [INFO] 🛫 DESPEGUE: AMX644 [Pista: ?]
2026-03-05 09:41:01,848 [INFO] 🛫 DESPEGUE: UAL1024 [Pista: ?]
2026-03-05 09:41:58,575 [INFO] 🛫 DESPEGUE: SLI315 [Pista: ?]
2026-03-05 09:42:26,386 [INFO] 🛬 ATERRIZAJE: VOI461 [Pista: ?]
2026-03-05 09:42:31,186 [INFO] 🛬 ATERRIZAJE: UAL1024 [Pista: ?]
2026-03-05 09:42:56,043 [INFO] 🛬 ATERRIZAJE: XCLKW [Pista: ?]
2026-03-05 09:43:01,458 [INFO] 🛫 DESPEGUE: VOI461 [Pista: ?]
2026-03-05 09:43:21,317 [INFO] 🛫 DESPEGUE: UAL1024 [Pista: ?]
2026-03-05 09:44:39,344 [INFO] 🛬 ATERRIZAJE: UAL1024 [Pista: ?]
2026-03-05 09:47:27,458 [INFO] 🛬 ATERRIZAJE: AMX513 [Pista: ?]
2026-03-05 09:48:14,376 [INFO] 🛫 DESPEGUE: AMX484 [Pista: ?]
2026-03-05 09:48:40,712 [INFO] 🛬 ATERRIZAJE: SLI2521 [Pista: ?]
2026-03-05 09:49:05,669 [INFO] 🛫 DESPEGUE: SLI2521 [Pista: ?]
2026-03-05 09:49:12,765 [INFO] 🛬 ATERRIZAJE: 0D03F4 [Pista: ?]
2026-03-05 09:49:15,339 [INFO] 🛬 ATERRIZAJE: SLI2521 [Pista: ?]
2026-03-05 09:50:00,682 [INFO] 🛫 DESPEGUE: SLI1537 [Pista: ?]
2026-03-05 09:50:06,219 [INFO] 🛫 DESPEGUE: SLI2521 [Pista: 05R/23L]
2026-03-05 09:50:37,400 [INFO] 🛬 ATERRIZAJE: SLI2521 [Pista: 05R/23L]
2026-03-05 09:50:51,501 [INFO] 🛫 DESPEGUE: VOI481 [Pista: ?]
2026-03-05 09:50:53,677 [INFO] 🛫 DESPEGUE: AMX750 [Pista: ?]
2026-03-05 09:50:53,940 [INFO] 🛬 ATERRIZAJE: SLI1537 [Pista: ?]
2026-03-05 09:50:59,708 [INFO] 🛫 DESPEGUE: UAL1567 [Pista: 05L/23R]
2026-03-05 09:50:59,926 [INFO] 🛬 ATERRIZAJE: VOI481 [Pista: ?]
2026-03-05 09:51:08,436 [INFO] 🛫 DESPEGUE: VOI481 [Pista: ?]
2026-03-05 09:51:54,503 [INFO] 🛫 DESPEGUE: SLI1537 [Pista: ?]
2026-03-05 09:51:58,867 [INFO] 🛬 ATERRIZAJE: UAL1567 [Pista: ?]
2026-03-05 09:52:11,512 [INFO] 🛬 ATERRIZAJE: 0D1130 [Pista: ?]
2026-03-05 09:52:32,530 [INFO] 🛫 DESPEGUE: VIV1193 [Pista: ?]
2026-03-05 09:52:34,209 [INFO] 🛬 ATERRIZAJE: SLI1537 [Pista: 05R/23L]
2026-03-05 09:52:51,905 [INFO] 🛬 ATERRIZAJE: VOI481 [Pista: ?]
2026-03-05 09:53:03,167 [INFO] 🛫 DESPEGUE: UAL1567 [Pista: ?]
2026-03-05 09:53:11,900 [INFO] 🛫 DESPEGUE: VOI481 [Pista: ?]
2026-03-05 09:54:16,063 [INFO] 🛬 ATERRIZAJE: VIV1193 [Pista: ?]
2026-03-05 09:54:16,883 [INFO] 🛬 ATERRIZAJE: VOI481 [Pista: 05R/23L]
2026-03-05 09:54:24,707 [INFO] 🛫 DESPEGUE: AMX324 [Pista: ?]
2026-03-05 09:55:16,079 [INFO] 🛫 DESPEGUE: VIV1193 [Pista: ?]
2026-03-05 09:55:54,257 [INFO] 🛬 ATERRIZAJE: VIV1193 [Pista: 05R/23L]
2026-03-05 09:56:10,808 [INFO] 🛫 DESPEGUE: SLI102 [Pista: 05L/23R]
2026-03-05 09:56:54,917 [INFO] 🛬 ATERRIZAJE: VOC4068 [Pista: ?]
2026-03-05 09:57:10,930 [INFO] 🛫 DESPEGUE: VOC4068 [Pista: ?]
2026-03-05 09:57:36,716 [INFO] 🛬 ATERRIZAJE: SLI102 [Pista: ?]
2026-03-05 09:57:58,791 [INFO] 🛫 DESPEGUE: SLI102 [Pista: ?]
2026-03-05 09:58:14,723 [INFO] 🛬 ATERRIZAJE: VOC4068 [Pista: 05R/23L]
2026-03-05 09:58:48,298 [INFO] 🛫 DESPEGUE: AMX913 [Pista: ?]
2026-03-05 09:59:23,692 [INFO] 🛬 ATERRIZAJE: AMX913 [Pista: ?]
2026-03-05 09:59:37,797 [INFO] 🛫 DESPEGUE: AMX913 [Pista: ?]
2026-03-05 10:00:25,055 [INFO] 🛬 ATERRIZAJE: AMX913 [Pista: ?]
2026-03-05 10:00:32,034 [INFO] 🛫 DESPEGUE: AMX913 [Pista: ?]
2026-03-05 10:00:40,489 [INFO] 🛬 ATERRIZAJE: AMX913 [Pista: ?]
2026-03-05 10:00:58,491 [INFO] 🛬 ATERRIZAJE: 0D0B66 [Pista: ?]
2026-03-05 10:01:08,465 [INFO] 🛫 DESPEGUE: 0D0B66 [Pista: ?]
2026-03-05 10:01:41,566 [INFO] 🛫 DESPEGUE: AMX913 [Pista: 05R/23L]
2026-03-05 10:01:54,734 [INFO] 🛬 ATERRIZAJE: 0D080E [Pista: ?]
2026-03-05 10:02:08,110 [INFO] 🛬 ATERRIZAJE: AMX913 [Pista: 05R/23L]
2026-03-05 10:02:32,871 [INFO] 🛬 ATERRIZAJE: AMX103 [Pista: ?]
2026-03-05 10:03:25,285 [INFO] 🛫 DESPEGUE: 0D0E5B [Pista: ?]
2026-03-05 10:05:13,799 [INFO] 🛬 ATERRIZAJE: 0D0331 [Pista: ?]
2026-03-05 10:05:19,393 [INFO] 🛬 ATERRIZAJE: VIV1133 [Pista: ?]
2026-03-05 10:05:38,822 [INFO] 🛫 DESPEGUE: VIV1133 [Pista: ?]
2026-03-05 10:05:44,263 [INFO] 🛬 ATERRIZAJE: XAVIZ [Pista: ?]
2026-03-05 10:06:09,858 [INFO] 🛬 ATERRIZAJE: XAACT [Pista: ?]
2026-03-05 10:06:24,507 [INFO] 🛫 DESPEGUE: XAVIZ [Pista: ?]
2026-03-05 10:06:41,933 [INFO] 🛬 ATERRIZAJE: VIV1133 [Pista: 05R/23L]
2026-03-05 10:08:28,602 [INFO] 🛫 DESPEGUE: AMX030 [Pista: 05R/23L]
2026-03-05 10:09:24,395 [INFO] 🛬 ATERRIZAJE: AMX030 [Pista: ?]
2026-03-05 10:09:38,236 [INFO] 🛬 ATERRIZAJE: XATSR [Pista: ?]
2026-03-05 10:09:50,589 [INFO] 🛫 DESPEGUE: AMX030 [Pista: ?]
2026-03-05 10:10:02,132 [INFO] 🛫 DESPEGUE: XATSR [Pista: ?]
2026-03-05 10:10:36,700 [INFO] 🛬 ATERRIZAJE: AA3B84 [Pista: ?]
2026-03-05 10:10:53,619 [INFO] 🛬 ATERRIZAJE: 0D0331 [Pista: ?]
2026-03-05 10:11:52,222 [INFO] 🛫 DESPEGUE: AA3B84 [Pista: ?]
2026-03-05 10:13:54,753 [INFO] 🛬 ATERRIZAJE: 0D1226 [Pista: ?]
2026-03-05 10:14:30,016 [INFO] 🛫 DESPEGUE: 0D0669 [Pista: ?]
2026-03-05 10:15:05,639 [INFO] 🛬 ATERRIZAJE: SLI2603 [Pista: ?]
2026-03-05 10:15:43,194 [INFO] 🛫 DESPEGUE: SLI2603 [Pista: ?]
2026-03-05 10:15:51,798 [INFO] 🛬 ATERRIZAJE: SLI2603 [Pista: 05R/23L]
2026-03-05 10:15:53,036 [INFO] 🛬 ATERRIZAJE: AMX215 [Pista: ?]
2026-03-05 10:16:13,616 [INFO] 🛫 DESPEGUE: SLI2603 [Pista: 05R/23L]
2026-03-05 10:16:24,080 [INFO] 🛬 ATERRIZAJE: SLI2603 [Pista: 05R/23L]
2026-03-05 10:18:55,843 [INFO] 🛬 ATERRIZAJE: 0D0806 [Pista: ?]
2026-03-05 10:19:14,560 [INFO] 🛫 DESPEGUE: 0D0806 [Pista: ?]
2026-03-05 10:19:28,662 [INFO] 🛬 ATERRIZAJE: AMX1051 [Pista: ?]
2026-03-05 10:19:42,167 [INFO] 🛫 DESPEGUE: AMX1051 [Pista: ?]
2026-03-05 10:19:53,406 [INFO] 🛫 DESPEGUE: UAL1089 [Pista: ?]
2026-03-05 10:20:44,727 [INFO] 🛬 ATERRIZAJE: 0D0669 [Pista: ?]
2026-03-05 10:20:51,536 [INFO] 🛫 DESPEGUE: 0D0669 [Pista: ?]
2026-03-05 10:21:15,667 [INFO] 🛬 ATERRIZAJE: AMX1051 [Pista: ?]
2026-03-05 10:21:15,888 [INFO] 🛫 DESPEGUE: AMX916 [Pista: ?]
2026-03-05 10:21:26,581 [INFO] 🛬 ATERRIZAJE: AMX916 [Pista: ?]
2026-03-05 10:21:39,091 [INFO] 🛫 DESPEGUE: AMX916 [Pista: ?]
2026-03-05 10:21:52,025 [INFO] 🛬 ATERRIZAJE: 0D0669 [Pista: ?]
2026-03-05 10:22:00,829 [INFO] 🛬 ATERRIZAJE: SLI1682 [Pista: ?]
2026-03-05 10:22:00,999 [INFO] 🛫 DESPEGUE: 0D0669 [Pista: ?]
2026-03-05 10:22:20,797 [INFO] 🛫 DESPEGUE: AMX1051 [Pista: 05R/23L]
2026-03-05 10:22:33,477 [INFO] 🛬 ATERRIZAJE: AMX1051 [Pista: 05R/23L]
2026-03-05 10:22:59,028 [INFO] 🛫 DESPEGUE: AMX704 [Pista: ?]
2026-03-05 10:23:27,185 [INFO] 🛬 ATERRIZAJE: AMX803 [Pista: ?]
2026-03-05 10:23:28,898 [INFO] 🛬 ATERRIZAJE: AMX704 [Pista: ?]
2026-03-05 10:23:39,708 [INFO] 🛫 DESPEGUE: AMX803 [Pista: ?]
2026-03-05 10:23:49,887 [INFO] 🛬 ATERRIZAJE: AMX803 [Pista: ?]
2026-03-05 10:24:47,475 [INFO] 🛫 DESPEGUE: AMX140 [Pista: ?]
2026-03-05 10:25:13,346 [INFO] 🛫 DESPEGUE: AMX594 [Pista: 05L/23R]
2026-03-05 10:25:47,623 [INFO] 🛬 ATERRIZAJE: AMX594 [Pista: ?]
2026-03-05 10:26:09,027 [INFO] 🛫 DESPEGUE: A22671 [Pista: ?]
2026-03-05 10:26:34,038 [INFO] 🛬 ATERRIZAJE: DAL577 [Pista: ?]
2026-03-05 10:26:43,173 [INFO] 🛫 DESPEGUE: AMX594 [Pista: ?]
2026-03-05 10:26:43,275 [INFO] 🛬 ATERRIZAJE: N238CG [Pista: ?]
2026-03-05 10:26:51,130 [INFO] 🛬 ATERRIZAJE: 0D09A5 [Pista: ?]
2026-03-05 10:27:07,210 [INFO] 🛫 DESPEGUE: SLI1633 [Pista: ?]
2026-03-05 10:28:25,653 [INFO] 🛬 ATERRIZAJE: SLI1633 [Pista: ?]
2026-03-05 10:29:19,615 [INFO] 🛫 DESPEGUE: SLI1633 [Pista: ?]
2026-03-05 10:29:39,241 [INFO] 🛫 DESPEGUE: AMX1684 [Pista: ?]
2026-03-05 10:29:40,788 [INFO] 🛬 ATERRIZAJE: AAL2995 [Pista: ?]
2026-03-05 10:29:42,314 [INFO] 🛬 ATERRIZAJE: SLI1633 [Pista: ?]
2026-03-05 10:29:48,913 [INFO] 🛫 DESPEGUE: VOI790 [Pista: 05L/23R]
2026-03-05 10:29:53,204 [INFO] 🌍 Monitor Iniciado: JSON es el Jefe, Socket 30003 es el Asistente.
2026-03-05 10:29:53,205 [INFO] 🔌 Asistente conectado al puerto 30003 (CSV).
2026-03-05 10:30:03,671 [INFO] 🛬 ATERRIZAJE: XAAMU [Pista: ?]
2026-03-05 10:30:09,223 [INFO] 🛬 ATERRIZAJE: 0D0FC1 [Pista: 05L/23R]
2026-03-05 10:30:39,523 [INFO] 🛬 ATERRIZAJE: AAL2995 [Pista: ?]
2026-03-05 10:31:01,140 [INFO] 🛫 DESPEGUE: VOI790 [Pista: ?]
2026-03-05 10:31:06,611 [INFO] 🛬 ATERRIZAJE: A6B253 [Pista: ?]
2026-03-05 10:31:38,285 [INFO] 🛫 DESPEGUE: A6B253 [Pista: ?]
2026-03-05 10:31:51,944 [INFO] 🛫 DESPEGUE: XABOD [Pista: ?]
2026-03-05 10:32:35,167 [INFO] 🌍 Monitor Iniciado: JSON es el Jefe, Socket 30003 es el Asistente.
2026-03-05 10:32:35,168 [INFO] 🔌 Asistente conectado al puerto 30003 (CSV).
2026-03-05 10:32:53,123 [INFO] 🌍 Monitor Iniciado: JSON es el Jefe, Socket 30003 es el Asistente.
2026-03-05 10:32:53,124 [INFO] 🔌 Asistente conectado al puerto 30003 (CSV).
2026-03-05 10:33:05,778 [INFO] 🛫 DESPEGUE: 0D0FC1 [Pista: ?]
2026-03-05 10:33:14,178 [INFO] 🛫 DESPEGUE: VOI241 [Pista: ?]
2026-03-05 10:33:44,111 [INFO] 🛬 ATERRIZAJE: VOI790 [Pista: ?]
2026-03-05 10:33:45,270 [INFO] 🛬 ATERRIZAJE: VOI241 [Pista: ?]
2026-03-05 10:33:55,083 [INFO] 🛫 DESPEGUE: VOI790 [Pista: ?]
2026-03-05 10:34:11,146 [INFO] 🛫 DESPEGUE: VOI241 [Pista: ?]
2026-03-05 10:35:02,110 [INFO] 🛬 ATERRIZAJE: VOI241 [Pista: 05R/23L]
2026-03-05 10:36:05,692 [INFO] 🛬 ATERRIZAJE: VOI221 [Pista: ?]
2026-03-05 10:36:20,904 [INFO] 🛫 DESPEGUE: 0D0814 [Pista: ?]
2026-03-05 10:36:26,060 [INFO] 🛫 DESPEGUE: VOI221 [Pista: ?]
2026-03-05 10:36:36,463 [INFO] 🛬 ATERRIZAJE: VOI221 [Pista: ?]
2026-03-05 10:36:42,828 [INFO] 🛬 ATERRIZAJE: AMX815 [Pista: ?]
2026-03-05 10:36:44,271 [INFO] 🛫 DESPEGUE: VOI221 [Pista: ?]
2026-03-05 10:36:44,743 [INFO] 🛫 DESPEGUE: SLI1413 [Pista: ?]
2026-03-05 10:36:51,664 [INFO] 🛬 ATERRIZAJE: 0D0814 [Pista: ?]
2026-03-05 10:36:55,121 [INFO] 🛫 DESPEGUE: AMX815 [Pista: ?]
2026-03-05 10:37:07,645 [INFO] 🛬 ATERRIZAJE: VIV1334 [Pista: ?]
2026-03-05 10:37:07,700 [INFO] 🛬 ATERRIZAJE: XABOD [Pista: ?]
2026-03-05 10:37:21,545 [INFO] 🛬 ATERRIZAJE: VOI221 [Pista: 05R/23L]
2026-03-05 10:37:25,211 [INFO] 🛫 DESPEGUE: XABOD [Pista: ?]
2026-03-05 10:37:44,580 [INFO] 🛫 DESPEGUE: 0D0814 [Pista: ?]
2026-03-05 10:37:55,368 [INFO] 🛬 ATERRIZAJE: AMX815 [Pista: ?]
2026-03-05 10:38:06,411 [INFO] 🛬 ATERRIZAJE: SLI1413 [Pista: ?]
2026-03-05 10:38:08,067 [INFO] 🛫 DESPEGUE: AMX815 [Pista: ?]
2026-03-05 10:38:26,271 [INFO] 🛫 DESPEGUE: SLI1413 [Pista: ?]
2026-03-05 10:38:46,758 [INFO] 🛬 ATERRIZAJE: 0D0814 [Pista: ?]
2026-03-05 10:39:32,118 [INFO] 🛬 ATERRIZAJE: SLI1413 [Pista: 05R/23L]
2026-03-05 10:39:32,263 [INFO] 🛬 ATERRIZAJE: AMX815 [Pista: ?]
2026-03-05 10:40:07,333 [INFO] 🛬 ATERRIZAJE: AMX330 [Pista: ?]
2026-03-05 10:41:31,640 [INFO] 🛬 ATERRIZAJE: AMX825 [Pista: ?]
2026-03-05 10:42:28,536 [INFO] 🛬 ATERRIZAJE: VIV9294 [Pista: ?]
2026-03-05 10:42:33,936 [INFO] 🛫 DESPEGUE: VIV9294 [Pista: ?]
2026-03-05 10:42:43,780 [INFO] 🛬 ATERRIZAJE: AMX173 [Pista: ?]
2026-03-05 10:42:50,870 [INFO] 🛬 ATERRIZAJE: VIV9294 [Pista: ?]
2026-03-05 10:42:56,282 [INFO] 🛫 DESPEGUE: VIV9294 [Pista: ?]
2026-03-05 10:43:14,526 [INFO] 🛬 ATERRIZAJE: VIV9294 [Pista: ?]
2026-03-05 10:43:20,814 [INFO] 🛫 DESPEGUE: VIV9294 [Pista: ?]
2026-03-05 10:43:32,635 [INFO] 🛬 ATERRIZAJE: VIV9294 [Pista: ?]
2026-03-05 10:44:36,778 [INFO] 🛬 ATERRIZAJE: VIV1029 [Pista: ?]
2026-03-05 10:44:44,585 [INFO] 🛫 DESPEGUE: VIV1029 [Pista: ?]
2026-03-05 10:44:50,289 [INFO] 🛫 DESPEGUE: AMX516 [Pista: ?]
2026-03-05 10:45:05,293 [INFO] 🛫 DESPEGUE: SLI1854 [Pista: 05L/23R]
2026-03-05 10:45:13,530 [INFO] 🛫 DESPEGUE: T7L222 [Pista: ?]
2026-03-05 10:45:25,868 [INFO] 🛬 ATERRIZAJE: VIV1029 [Pista: ?]
2026-03-05 10:45:57,351 [INFO] 🛬 ATERRIZAJE: SLI1854 [Pista: ?]
2026-03-05 10:45:58,744 [INFO] 🛬 ATERRIZAJE: T7L222 [Pista: ?]
2026-03-05 10:46:12,811 [INFO] 🛫 DESPEGUE: SLI1682 [Pista: 05L/23R]
2026-03-05 10:46:14,094 [INFO] 🛫 DESPEGUE: VIV1029 [Pista: ?]
2026-03-05 10:46:21,480 [INFO] 🛬 ATERRIZAJE: VIV1029 [Pista: ?]
2026-03-05 10:46:21,616 [INFO] 🛫 DESPEGUE: T7L222 [Pista: ?]
2026-03-05 10:46:26,374 [INFO] 🛫 DESPEGUE: SLI1854 [Pista: ?]
2026-03-05 10:46:31,961 [INFO] 🛬 ATERRIZAJE: T7L222 [Pista: ?]
2026-03-05 10:46:46,877 [INFO] 🛬 ATERRIZAJE: SLI1854 [Pista: ?]
2026-03-05 10:46:48,150 [INFO] 🛬 ATERRIZAJE: SLI1682 [Pista: ?]
2026-03-05 10:46:53,272 [INFO] 🛫 DESPEGUE: SLI1854 [Pista: ?]
2026-03-05 10:46:53,285 [INFO] 🛫 DESPEGUE: T7L222 [Pista: ?]
2026-03-05 10:46:59,996 [INFO] 🛬 ATERRIZAJE: T7L222 [Pista: ?]
2026-03-05 10:47:06,162 [INFO] 🛬 ATERRIZAJE: VIV1101 [Pista: ?]
2026-03-05 10:47:09,303 [INFO] 🛬 ATERRIZAJE: 0D0AEF [Pista: ?]
2026-03-05 10:47:14,771 [INFO] 🛫 DESPEGUE: VIV1101 [Pista: ?]
2026-03-05 10:47:18,266 [INFO] 🛫 DESPEGUE: VIV1029 [Pista: 05R/23L]
2026-03-05 10:47:18,425 [INFO] 🛫 DESPEGUE: T7L222 [Pista: ?]
2026-03-05 10:47:34,051 [INFO] 🛬 ATERRIZAJE: VIV1029 [Pista: 05R/23L]
2026-03-05 10:47:42,687 [INFO] 🛬 ATERRIZAJE: VIV1101 [Pista: ?]
2026-03-05 10:48:11,412 [INFO] 🛫 DESPEGUE: VIV1101 [Pista: ?]
2026-03-05 10:48:31,417 [INFO] 🛬 ATERRIZAJE: T7L222 [Pista: ?]
2026-03-05 10:48:33,923 [INFO] 🛬 ATERRIZAJE: VIV1101 [Pista: ?]
2026-03-05 10:48:36,120 [INFO] 🛫 DESPEGUE: VIV1150 [Pista: 05L/23R]
2026-03-05 10:48:42,907 [INFO] 🛫 DESPEGUE: T7L222 [Pista: ?]
2026-03-05 10:49:04,730 [INFO] 🛬 ATERRIZAJE: VIV1150 [Pista: ?]
2026-03-05 10:49:07,467 [INFO] 🛫 DESPEGUE: VIV1101 [Pista: ?]
2026-03-05 10:49:35,828 [INFO] 🛫 DESPEGUE: VIV1150 [Pista: ?]
2026-03-05 10:49:55,266 [INFO] 🛬 ATERRIZAJE: VIV1101 [Pista: 05R/23L]
2026-03-05 10:50:20,673 [INFO] 🛫 DESPEGUE: VOI900 [Pista: 05L/23R]
2026-03-05 10:50:57,167 [INFO] 🛬 ATERRIZAJE: 00023D [Pista: ?]
2026-03-05 10:51:00,352 [INFO] 🛬 ATERRIZAJE: VOI900 [Pista: ?]
2026-03-05 10:51:09,742 [INFO] 🛫 DESPEGUE: 00023D [Pista: ?]
2026-03-05 10:51:20,947 [INFO] 🛬 ATERRIZAJE: AMX915 [Pista: ?]
2026-03-05 10:51:24,095 [INFO] 🛫 DESPEGUE: VOI900 [Pista: ?]
2026-03-05 10:51:25,586 [INFO] 🛬 ATERRIZAJE: 00023D [Pista: ?]
2026-03-05 10:51:55,705 [INFO] 🛫 DESPEGUE: 00023D [Pista: ?]
2026-03-05 10:52:21,855 [INFO] 🛬 ATERRIZAJE: VOI900 [Pista: ?]
2026-03-05 10:53:11,864 [INFO] 🛫 DESPEGUE: VIV1334 [Pista: 05L/23R]
2026-03-05 10:53:29,581 [INFO] 🛬 ATERRIZAJE: VIV1334 [Pista: 05L/23R]
2026-03-05 10:53:29,719 [INFO] 🛫 DESPEGUE: VOI900 [Pista: ?]
2026-03-05 10:54:28,044 [INFO] 🛫 DESPEGUE: VIV1334 [Pista: ?]
2026-03-05 10:54:44,424 [INFO] 🛬 ATERRIZAJE: VIV1150 [Pista: ?]
2026-03-05 10:54:59,906 [INFO] 🛬 ATERRIZAJE: VIV1334 [Pista: ?]
2026-03-05 10:55:08,408 [INFO] 🛫 DESPEGUE: VIV1150 [Pista: ?]
2026-03-05 10:55:08,443 [INFO] 🛬 ATERRIZAJE: VIV1414 [Pista: ?]
2026-03-05 10:55:10,089 [INFO] 🛬 ATERRIZAJE: 0D0606 [Pista: ?]
2026-03-05 10:56:42,909 [INFO] 🛫 DESPEGUE: XATHI [Pista: ?]
2026-03-05 10:57:11,681 [INFO] 🛫 DESPEGUE: AMX330 [Pista: ?]
2026-03-05 10:57:25,503 [INFO] 🛬 ATERRIZAJE: XATHI [Pista: ?]
2026-03-05 10:57:37,860 [INFO] 🛬 ATERRIZAJE: UAL2251 [Pista: ?]
2026-03-05 10:57:56,117 [INFO] 🛫 DESPEGUE: AMX434 [Pista: ?]
2026-03-05 10:57:57,363 [INFO] 🛫 DESPEGUE: VIV1334 [Pista: ?]
2026-03-05 10:58:46,286 [INFO] 🛬 ATERRIZAJE: AMX330 [Pista: ?]
2026-03-05 10:58:50,232 [INFO] 🛫 DESPEGUE: AC72F7 [Pista: ?]
2026-03-05 10:58:54,355 [INFO] 🛫 DESPEGUE: XATHI [Pista: ?]
2026-03-05 10:58:54,441 [INFO] 🛫 DESPEGUE: 0D0DA5 [Pista: ?]
2026-03-05 10:58:54,553 [INFO] 🛫 DESPEGUE: UAL2251 [Pista: ?]
2026-03-05 10:58:58,551 [INFO] 🛬 ATERRIZAJE: AC72F7 [Pista: ?]
2026-03-05 10:59:00,173 [INFO] 🛫 DESPEGUE: AMX330 [Pista: ?]
2026-03-05 10:59:01,419 [INFO] 🛬 ATERRIZAJE: XATHI [Pista: ?]
2026-03-05 10:59:07,254 [INFO] 🛬 ATERRIZAJE: AMX330 [Pista: ?]
2026-03-05 10:59:15,042 [INFO] 🛫 DESPEGUE: AMX330 [Pista: ?]
2026-03-05 10:59:24,587 [INFO] 🛫 DESPEGUE: AC72F7 [Pista: ?]
2026-03-05 10:59:26,070 [INFO] 🛬 ATERRIZAJE: AMX330 [Pista: ?]
2026-03-05 10:59:29,968 [INFO] 🛬 ATERRIZAJE: AC72F7 [Pista: ?]
2026-03-05 10:59:31,639 [INFO] 🛫 DESPEGUE: AMX330 [Pista: ?]
2026-03-05 10:59:31,663 [INFO] 🛬 ATERRIZAJE: SLI855 [Pista: ?]
2026-03-05 10:59:41,270 [INFO] 🛫 DESPEGUE: SLI855 [Pista: ?]
2026-03-05 10:59:45,309 [INFO] 🛬 ATERRIZAJE: UAL2251 [Pista: 05R/23L]
2026-03-05 10:59:57,035 [INFO] 🛬 ATERRIZAJE: T7L222 [Pista: ?]
2026-03-05 10:59:57,156 [INFO] 🛬 ATERRIZAJE: SLI855 [Pista: ?]
2026-03-05 10:59:58,816 [INFO] 🛬 ATERRIZAJE: AMX330 [Pista: ?]
2026-03-05 11:00:03,844 [INFO] 🛫 DESPEGUE: SLI855 [Pista: ?]
2026-03-05 11:00:11,779 [INFO] 🛫 DESPEGUE: AMX218 [Pista: ?]
2026-03-05 11:00:23,542 [INFO] 🛬 ATERRIZAJE: 0D0A7F [Pista: ?]
2026-03-05 11:00:27,964 [INFO] 🛫 DESPEGUE: AMX330 [Pista: ?]
2026-03-05 11:00:34,259 [INFO] 🛫 DESPEGUE: T7L222 [Pista: ?]
2026-03-05 11:00:40,995 [INFO] 🛬 ATERRIZAJE: SLI855 [Pista: ?]
2026-03-05 11:00:51,540 [INFO] 🛫 DESPEGUE: XATHI [Pista: ?]
2026-03-05 11:00:55,074 [INFO] 🛬 ATERRIZAJE: T7L222 [Pista: ?]
2026-03-05 11:00:59,093 [INFO] 🛬 ATERRIZAJE: XATHI [Pista: ?]
2026-03-05 11:01:06,037 [INFO] 🛬 ATERRIZAJE: AMX1565 [Pista: ?]
2026-03-05 11:01:06,169 [INFO] 🛫 DESPEGUE: SLI855 [Pista: ?]
2026-03-05 11:01:07,691 [INFO] 🛫 DESPEGUE: AC72F7 [Pista: ?]
2026-03-05 11:01:11,362 [INFO] 🛫 DESPEGUE: XATHI [Pista: ?]
2026-03-05 11:01:26,668 [INFO] 🛬 ATERRIZAJE: SLI855 [Pista: 05R/23L]
2026-03-05 11:01:37,824 [INFO] 🛬 ATERRIZAJE: TAI430 [Pista: ?]
2026-03-05 11:01:38,775 [INFO] 🛫 DESPEGUE: T7L222 [Pista: ?]
2026-03-05 11:01:49,101 [INFO] 🛬 ATERRIZAJE: T7L222 [Pista: ?]
2026-03-05 11:01:50,417 [INFO] 🛫 DESPEGUE: TAI430 [Pista: ?]
2026-03-05 11:02:30,112 [INFO] 🛬 ATERRIZAJE: XATHI [Pista: ?]
2026-03-05 11:02:35,278 [INFO] 🛬 ATERRIZAJE: AMX218 [Pista: ?]
2026-03-05 11:02:41,461 [INFO] 🛬 ATERRIZAJE: TAI430 [Pista: ?]
2026-03-05 11:02:58,592 [INFO] 🛫 DESPEGUE: TAI430 [Pista: ?]
2026-03-05 11:03:02,988 [INFO] 🛫 DESPEGUE: VIV1022 [Pista: 05L/23R]
2026-03-05 11:03:04,494 [INFO] 🛫 DESPEGUE: AMX218 [Pista: ?]
2026-03-05 11:03:20,684 [INFO] 🛬 ATERRIZAJE: VIV1022 [Pista: ?]
2026-03-05 11:03:26,583 [INFO] 🛬 ATERRIZAJE: AMX218 [Pista: ?]
2026-03-05 11:03:32,103 [INFO] 🛫 DESPEGUE: XATHI [Pista: ?]
2026-03-05 11:03:43,288 [INFO] 🛫 DESPEGUE: AMX218 [Pista: ?]
2026-03-05 11:03:45,076 [INFO] 🛫 DESPEGUE: VIV1022 [Pista: ?]
2026-03-05 11:03:48,631 [INFO] 🛬 ATERRIZAJE: ABE8E4 [Pista: ?]
2026-03-05 11:03:57,509 [INFO] 🛫 DESPEGUE: GMT735 [Pista: 05L/23R]
2026-03-05 11:04:21,816 [INFO] 🛬 ATERRIZAJE: GMT735 [Pista: 05L/23R]
2026-03-05 11:04:27,396 [INFO] 🛬 ATERRIZAJE: AMX218 [Pista: ?]
2026-03-05 11:04:29,089 [INFO] 🛫 DESPEGUE: ABE8E4 [Pista: ?]
2026-03-05 11:04:48,966 [INFO] 🛬 ATERRIZAJE: AMX335 [Pista: ?]
2026-03-05 11:05:04,209 [INFO] 🛬 ATERRIZAJE: TAI430 [Pista: ?]
2026-03-05 11:05:17,798 [INFO] 🛫 DESPEGUE: GMT735 [Pista: ?]
2026-03-05 11:05:21,061 [INFO] 🛫 DESPEGUE: AMX335 [Pista: ?]
2026-03-05 11:05:42,454 [INFO] 🛬 ATERRIZAJE: GMT735 [Pista: ?]
2026-03-05 11:05:54,424 [INFO] 🛫 DESPEGUE: GMT735 [Pista: ?]
2026-03-05 11:06:11,502 [INFO] 🛫 DESPEGUE: 0D0879 [Pista: ?]
2026-03-05 11:06:12,491 [INFO] 🛬 ATERRIZAJE: AMX335 [Pista: ?]
2026-03-05 11:06:57,195 [INFO] 🛬 ATERRIZAJE: 0D0879 [Pista: ?]
2026-03-05 11:07:23,802 [INFO] 🛫 DESPEGUE: 0D0879 [Pista: ?]
2026-03-05 11:07:33,608 [INFO] 🛬 ATERRIZAJE: 0D0879 [Pista: ?]
2026-03-05 11:07:40,594 [INFO] 🛬 ATERRIZAJE: XATHI [Pista: ?]
2026-03-05 11:07:54,426 [INFO] 🛫 DESPEGUE: 0D0879 [Pista: ?]
2026-03-05 11:08:32,962 [INFO] 🛬 ATERRIZAJE: 0D0879 [Pista: ?]
2026-03-05 11:09:01,935 [INFO] 🛬 ATERRIZAJE: AMX1741 [Pista: ?]
2026-03-05 11:09:02,917 [INFO] 🛫 DESPEGUE: 0D0879 [Pista: ?]
2026-03-05 11:10:52,831 [INFO] 🛬 ATERRIZAJE: 0D0879 [Pista: ?]
2026-03-05 11:10:58,883 [INFO] 🛫 DESPEGUE: SLI128 [Pista: 05L/23R]
2026-03-05 11:11:18,068 [INFO] 🛫 DESPEGUE: AAL389 [Pista: ?]
2026-03-05 11:11:29,323 [INFO] 🛬 ATERRIZAJE: SLI128 [Pista: ?]
2026-03-05 11:11:29,342 [INFO] 🛫 DESPEGUE: 0D0606 [Pista: ?]
2026-03-05 11:11:37,702 [INFO] 🛬 ATERRIZAJE: AAL389 [Pista: ?]
2026-03-05 11:11:47,905 [INFO] 🛫 DESPEGUE: AAL389 [Pista: ?]
2026-03-05 11:11:53,136 [INFO] 🛫 DESPEGUE: 0D0879 [Pista: ?]
2026-03-05 11:11:56,132 [INFO] 🛫 DESPEGUE: VIV1414 [Pista: 05L/23R]
2026-03-05 11:12:03,496 [INFO] 🛫 DESPEGUE: SLI128 [Pista: ?]
2026-03-05 11:12:11,651 [INFO] 🛬 ATERRIZAJE: AAL389 [Pista: ?]
2026-03-05 11:12:15,653 [INFO] 🛬 ATERRIZAJE: 0D0879 [Pista: ?]
2026-03-05 11:12:18,253 [INFO] 🛫 DESPEGUE: AMX046 [Pista: ?]
2026-03-05 11:12:26,156 [INFO] 🛬 ATERRIZAJE: VOI3919 [Pista: ?]
